#
# A fatal error has been detected by the Java Runtime Environment:
#
#  SIGSEGV (0xb) at pc=0x00007fc3b671e0ad, pid=28869, tid=28888
#
# JRE version: OpenJDK Runtime Environment (11.0.15+10) (build 11.0.15+10-Ubuntu-0ubuntu0.20.04.1)
# Java VM: OpenJDK 64-Bit Server VM (11.0.15+10-Ubuntu-0ubuntu0.20.04.1, mixed mode, sharing, tiered, compressed oops, g1 gc, linux-amd64)
# Problematic frame:
# C  [libjimage.so+0x30ad]
#
# Core dump will be written. Default location: Core dumps may be processed with "/lib/systemd/systemd-coredump %P %u %g %s %t 9223372036854775808 %h" (or dumping to /home/john/eclipse-workspace/marvel-game/core.28869)
#
# If you would like to submit a bug report, please visit:
#   Unknown
#

---------------  S U M M A R Y ------------

Command Line: -agentlib:jdwp=transport=dt_socket,suspend=y,address=localhost:40879 --module-path=/home/john/downloads/javafx-sdk-18.0.1/lib --add-modules=javafx.controls,javafx.fxml,javafx.media -javaagent:/home/john/.eclipse/360744286_linux_gtk_x86_64/configuration/org.eclipse.osgi/222/0/.cp/lib/javaagent-shaded.jar -Dfile.encoding=UTF-8 application.View

Host: AMD A6-9225 RADEON R4, 5 COMPUTE CORES 2C+3G, 2 cores, 7G, Linux Mint 20.2 Uma
Time: Fri Jun 17 17:14:19 2022 EET elapsed time: 746.799972 seconds (0d 0h 12m 26s)

---------------  T H R E A D  ---------------

Current thread (0x00007fc3b0165000):  JavaThread "Signal Dispatcher" daemon [_thread_in_vm, id=28888, stack(0x00007fc3b43bb000,0x00007fc3b44bc000)]

Stack: [0x00007fc3b43bb000,0x00007fc3b44bc000],  sp=0x00007fc3b44b91f0,  free space=1016k
Native frames: (J=compiled Java code, A=aot compiled Java code, j=interpreted, Vv=VM code, C=native code)
C  [libjimage.so+0x30ad]
C  [libjimage.so+0x3ca2]
C  [libjimage.so+0x4191]  JIMAGE_FindResource+0xf1
V  [libjvm.so+0x5baef1]
V  [libjvm.so+0x5bd511]
V  [libjvm.so+0xdf4bbd]
V  [libjvm.so+0xdf375a]
V  [libjvm.so+0xdf5cfb]
V  [libjvm.so+0x66d46e]
V  [libjvm.so+0x861206]
j  jdk.internal.misc.Signal.dispatch(I)V+25 java.base@11.0.15
v  ~StubRoutines::call_stub
V  [libjvm.so+0x869cc4]
V  [libjvm.so+0x868d02]
V  [libjvm.so+0xbd444e]
V  [libjvm.so+0xe2b44f]
V  [libjvm.so+0xe27e70]
V  [libjvm.so+0xbe65f6]

Java frames: (J=compiled Java code, j=interpreted, Vv=VM code)
j  jdk.internal.misc.Signal.dispatch(I)V+25 java.base@11.0.15
v  ~StubRoutines::call_stub

siginfo: si_signo: 11 (SIGSEGV), si_code: 1 (SEGV_MAPERR), si_addr: 0x00007fc3a7822e18

Register to memory mapping:

RAX=0x0000000000001f7f is an unknown value
RBX=0x00007fc3b44b92a1 is pointing into the stack for thread: 0x00007fc3b0165000
RCX=0x00007fc3b44b92c3 is pointing into the stack for thread: 0x00007fc3b0165000
RDX=0x0000000000001f7f is an unknown value
RSP=0x00007fc3b44b91f0 is pointing into the stack for thread: 0x00007fc3b0165000
RBP=0x00007fc3b44b9210 is pointing into the stack for thread: 0x00007fc3b0165000
RSI=0x0 is NULL
RDI=0x00007fc3b6723030: <offset 0x0000000000008030> in /usr/lib/jvm/java-11-openjdk-amd64/lib/libjimage.so at 0x00007fc3b671b000
R8 =0x00007fc3a781b01c is an unknown value
R9 =0x00007fc3b0166ca0 points into unknown readable memory: 0x0000000000000002 | 02 00 00 00 00 00 00 00
R10=0x00007fc3b7b1a0e0: <offset 0x0000000000f4f0e0> in /usr/lib/jvm/java-11-openjdk-amd64/lib/server/libjvm.so at 0x00007fc3b6bcb000
R11=0x00007fc3b8098b00: <offset 0x00000000001bdb00> in /lib/x86_64-linux-gnu/libc.so.6 at 0x00007fc3b7edb000
R12=0x000000000000848b is an unknown value
R13=0x00007fc3b44b92a0 is pointing into the stack for thread: 0x00007fc3b0165000
R14=0x0 is NULL
R15=0x00007fc3b0165b70 points into unknown readable memory: 0x65746e692f6b646a | 6a 64 6b 2f 69 6e 74 65


Registers:
RAX=0x0000000000001f7f, RBX=0x00007fc3b44b92a1, RCX=0x00007fc3b44b92c3, RDX=0x0000000000001f7f
RSP=0x00007fc3b44b91f0, RBP=0x00007fc3b44b9210, RSI=0x0000000000000000, RDI=0x00007fc3b6723030
R8 =0x00007fc3a781b01c, R9 =0x00007fc3b0166ca0, R10=0x00007fc3b7b1a0e0, R11=0x00007fc3b8098b00
R12=0x000000000000848b, R13=0x00007fc3b44b92a0, R14=0x0000000000000000, R15=0x00007fc3b0165b70
RIP=0x00007fc3b671e0ad, EFLAGS=0x0000000000010212, CSGSFS=0x002b000000000033, ERR=0x0000000000000004
  TRAPNO=0x000000000000000e

Top of Stack: (sp=0x00007fc3b44b91f0)
0x00007fc3b44b91f0:   0000000000000100 00007fc3b44ba338
0x00007fc3b44b9200:   00007fc3b0009d40 00007fc3b44b92a0
0x00007fc3b44b9210:   00007fc3b44b9280 00007fc3b671eca2
0x00007fc3b44b9220:   00007fc3a0759700 00007fc3b793d216 

Instructions: (pc=0x00007fc3b671e0ad)
0x00007fc3b671dfad:   f3 ff ff 44 03 65 90 e9 3f fe ff ff 0f 1f 80 00
0x00007fc3b671dfbd:   00 00 00 41 8b 10 41 89 55 00 41 8b 54 00 fc 41
0x00007fc3b671dfcd:   89 54 05 fc e9 82 fc ff ff 66 2e 0f 1f 84 00 00
0x00007fc3b671dfdd:   00 00 00 b9 0a 00 00 00 e9 f0 fc ff ff 41 0f b7
0x00007fc3b671dfed:   54 00 fe 66 41 89 54 05 fe e9 5d fc ff ff 0f 1f
0x00007fc3b671dffd:   44 00 00 f3 0f 1e fa 0f b6 17 89 f0 89 f1 4c 8d
0x00007fc3b671e00d:   47 01 84 d2 74 1f 0f 1f 44 00 00 69 c9 93 01 00
0x00007fc3b671e01d:   01 0f b6 d2 49 83 c0 01 31 d1 41 0f b6 50 ff 84
0x00007fc3b671e02d:   d2 75 e8 89 c8 25 ff ff ff 7f c3 0f 1f 84 00 00
0x00007fc3b671e03d:   00 00 00 f3 0f 1e fa 48 85 d2 0f 84 da 00 00 00
0x00007fc3b671e04d:   55 48 89 e5 41 55 41 54 41 89 cc 53 48 83 ec 08
0x00007fc3b671e05d:   85 c9 0f 84 ba 00 00 00 49 89 f5 48 8d 5e 01 0f
0x00007fc3b671e06d:   b6 36 49 89 d0 40 84 f6 0f 84 9d 00 00 00 48 89
0x00007fc3b671e07d:   d9 b8 93 01 00 01 0f 1f 44 00 00 69 d0 93 01 00
0x00007fc3b671e08d:   01 48 83 c1 01 40 0f b6 c6 0f b6 71 ff 31 d0 40
0x00007fc3b671e09d:   84 f6 75 e7 25 ff ff ff 7f 31 d2 41 f7 f4 89 d0
0x00007fc3b671e0ad:   41 8b 34 80 48 8b 07 ff 50 20 85 c0 7f 15 74 62
0x00007fc3b671e0bd:   f7 d0 41 89 c0 48 83 c4 08 44 89 c0 5b 41 5c 41
0x00007fc3b671e0cd:   5d 5d c3 41 0f b6 4d 00 89 c6 84 c9 74 1e 0f 1f
0x00007fc3b671e0dd:   44 00 00 69 f6 93 01 00 01 0f b6 c9 48 83 c3 01
0x00007fc3b671e0ed:   31 ce 0f b6 4b ff 84 c9 75 e9 89 f0 25 ff ff ff
0x00007fc3b671e0fd:   7f 31 d2 48 83 c4 08 41 f7 f4 5b 41 5c 41 5d 5d
0x00007fc3b671e10d:   41 89 d0 44 89 c0 c3 0f 1f 40 00 b8 93 01 00 01
0x00007fc3b671e11d:   eb 87 41 b8 ff ff ff ff eb 9b 41 83 c8 ff 44 89
0x00007fc3b671e12d:   c0 c3 90 f3 0f 1e fa eb 1d 66 2e 0f 1f 84 00 00
0x00007fc3b671e13d:   00 00 00 0f b6 16 84 d2 74 13 38 c2 75 15 48 83
0x00007fc3b671e14d:   c7 01 48 83 c6 01 0f b6 07 84 c0 75 e6 48 89 f8
0x00007fc3b671e15d:   c3 66 90 31 c0 c3 90 66 66 2e 0f 1f 84 00 00 00
0x00007fc3b671e16d:   00 00 90 f3 0f 1e fa 48 85 f6 74 51 0f b6 06 84
0x00007fc3b671e17d:   c0 74 4a 0f b6 d0 83 e0 07 c1 fa 03 44 8d 50 01
0x00007fc3b671e18d:   0f b6 c0 41 89 d1 4c 8d 44 06 02 48 8d 56 01 31
0x00007fc3b671e19d:   c0 66 90 0f b6 0a 48 c1 e0 08 48 83 c2 01 48 09 


Stack slot to memory mapping:
stack at sp + 0 slots: 0x0000000000000100 is an unknown value
stack at sp + 1 slots: 0x00007fc3b44ba338 is pointing into the stack for thread: 0x00007fc3b0165000
stack at sp + 2 slots: 0x00007fc3b0009d40 points into unknown readable memory: 0x0000560bbb26e780 | 80 e7 26 bb 0b 56 00 00
stack at sp + 3 slots: 0x00007fc3b44b92a0 is pointing into the stack for thread: 0x00007fc3b0165000
stack at sp + 4 slots: 0x00007fc3b44b9280 is pointing into the stack for thread: 0x00007fc3b0165000
stack at sp + 5 slots: 0x00007fc3b671eca2: <offset 0x0000000000003ca2> in /usr/lib/jvm/java-11-openjdk-amd64/lib/libjimage.so at 0x00007fc3b671b000
stack at sp + 6 slots: 0x00007fc3a0759700 points into unknown readable memory: 0x0000000000000020 | 20 00 00 00 00 00 00 00
stack at sp + 7 slots: 0x00007fc3b793d216: <offset 0x0000000000d72216> in /usr/lib/jvm/java-11-openjdk-amd64/lib/server/libjvm.so at 0x00007fc3b6bcb000


---------------  P R O C E S S  ---------------

Threads class SMR info:
_java_thread_list=0x00007fc38000ff70, length=93, elements={
0x00007fc3b0018800, 0x00007fc3b015c000, 0x00007fc3b015e000, 0x00007fc3b0165000,
0x00007fc3b0167000, 0x00007fc3b0169800, 0x00007fc3b016b800, 0x00007fc3b016d800,
0x00007fc3b01c9800, 0x00007fc3b024b800, 0x00007fc3b024f000, 0x0000560bbb267800,
0x00007fc3b03ec800, 0x00007fc3b057a800, 0x00007fc3b0595000, 0x00007fc3b05e0800,
0x00007fc3610ee000, 0x00007fc39469a800, 0x00007fc36c14e800, 0x00007fc394287000,
0x00007fc3947f7000, 0x00007fc394801800, 0x00007fc3941d8000, 0x00007fc394842000,
0x00007fc394822000, 0x00007fc394864800, 0x00007fc394870800, 0x00007fc39487f800,
0x00007fc39480f800, 0x00007fc3948c8800, 0x00007fc39481f800, 0x00007fc394917000,
0x00007fc3949c2800, 0x00007fc3949d4800, 0x00007fc3949de800, 0x00007fc394913000,
0x00007fc3948f8000, 0x00007fc394995800, 0x00007fc3948df800, 0x00007fc394933000,
0x00007fc394963000, 0x00007fc394957800, 0x00007fc39496f000, 0x00007fc394a08800,
0x00007fc394a0a000, 0x00007fc394a3b000, 0x00007fc3949f5800, 0x00007fc394a60800,
0x00007fc394a6f800, 0x00007fc394a84000, 0x00007fc3949f3800, 0x00007fc394a9e000,
0x00007fc394aa5800, 0x00007fc394abf800, 0x00007fc394b84000, 0x00007fc394b90800,
0x00007fc394ac4000, 0x00007fc394b54800, 0x00007fc394b70800, 0x00007fc394b05000,
0x00007fc394b68000, 0x00007fc394b3c800, 0x00007fc394b45000, 0x00007fc394ae3800,
0x00007fc394af1800, 0x00007fc394c53000, 0x00007fc394ac5000, 0x00007fc394bf0800,
0x00007fc394c4c800, 0x00007fc394bda800, 0x00007fc394b50000, 0x00007fc394c0b800,
0x00007fc394c15000, 0x00007fc394c31000, 0x00007fc394c67800, 0x00007fc394c78800,
0x00007fc394c83000, 0x00007fc394ca3800, 0x00007fc394bd8800, 0x00007fc394c99000,
0x00007fc394cd9800, 0x00007fc394cea000, 0x00007fc394c22000, 0x00007fc394d18000,
0x00007fc394cbe800, 0x00007fc394d35000, 0x00007fc394d40800, 0x00007fc394d53000,
0x00007fc394c9b000, 0x00007fc394d70800, 0x00007fc394d1b000, 0x00007fc394d9b800,
0x00007fc394cde000
}

Java Threads: ( => current thread )
  0x00007fc3b0018800 JavaThread "main" [_thread_blocked, id=28877, stack(0x00007fc3b675a000,0x00007fc3b685b000)]
  0x00007fc3b015c000 JavaThread "Reference Handler" daemon [_thread_blocked, id=28886, stack(0x00007fc3b45bd000,0x00007fc3b46be000)]
  0x00007fc3b015e000 JavaThread "Finalizer" daemon [_thread_blocked, id=28887, stack(0x00007fc3b44bc000,0x00007fc3b45bd000)]
=>0x00007fc3b0165000 JavaThread "Signal Dispatcher" daemon [_thread_in_vm, id=28888, stack(0x00007fc3b43bb000,0x00007fc3b44bc000)]
  0x00007fc3b0167000 JavaThread "Service Thread" daemon [_thread_blocked, id=28889, stack(0x00007fc3b42ba000,0x00007fc3b43bb000)]
  0x00007fc3b0169800 JavaThread "C2 CompilerThread0" daemon [_thread_blocked, id=28890, stack(0x00007fc3b41b9000,0x00007fc3b42ba000)]
  0x00007fc3b016b800 JavaThread "C1 CompilerThread0" daemon [_thread_blocked, id=28891, stack(0x00007fc3b40b8000,0x00007fc3b41b9000)]
  0x00007fc3b016d800 JavaThread "Sweeper thread" daemon [_thread_blocked, id=28892, stack(0x00007fc3981a2000,0x00007fc3982a3000)]
  0x00007fc3b01c9800 JavaThread "Common-Cleaner" daemon [_thread_blocked, id=28893, stack(0x00007fc3980a1000,0x00007fc3981a2000)]
  0x00007fc3b024b800 JavaThread "JDWP Transport Listener: dt_socket" daemon [_thread_in_native, id=28895, stack(0x00007fc39050f000,0x00007fc390610000)]
  0x00007fc3b024f000 JavaThread "JDWP Event Helper Thread" daemon [_thread_blocked, id=28898, stack(0x00007fc39040e000,0x00007fc39050f000)]
  0x0000560bbb267800 JavaThread "JDWP Command Reader" daemon [_thread_in_vm, id=28899, stack(0x00007fc39030d000,0x00007fc39040e000)]
  0x00007fc3b03ec800 JavaThread "QuantumRenderer-0" daemon [_thread_blocked, id=28908, stack(0x00007fc390008000,0x00007fc390109000)]
  0x00007fc3b057a800 JavaThread "InvokeLaterDispatcher" daemon [_thread_blocked, id=28919, stack(0x00007fc34a921000,0x00007fc34aa22000)]
  0x00007fc3b0595000 JavaThread "JavaFX Application Thread" [_thread_in_native, id=28920, stack(0x00007fc34a820000,0x00007fc34a921000)]
  0x00007fc3b05e0800 JavaThread "JavaFX-Launcher" [_thread_blocked, id=28922, stack(0x00007fc349e6a000,0x00007fc349f6b000)]
  0x00007fc3610ee000 JavaThread "Media Resource Disposer" daemon [_thread_blocked, id=28931, stack(0x00007fc32f2a3000,0x00007fc32f3a4000)]
  0x00007fc39469a800 JavaThread "Prism Font Disposer" daemon [_thread_blocked, id=28933, stack(0x00007fc32e912000,0x00007fc32ea13000)]
  0x00007fc36c14e800 JavaThread "Cleaner-0" daemon [_thread_blocked, id=28969, stack(0x00007fc32e3fa000,0x00007fc32e4fb000)]
  0x00007fc394287000 JavaThread "JFXMedia Player EventQueueThread" daemon [_thread_blocked, id=29058, stack(0x00007fc3411f1000,0x00007fc3412f2000)]
  0x00007fc3947f7000 JavaThread "Timer-7" daemon [_thread_blocked, id=29062, stack(0x00007fc33f7ec000,0x00007fc33f8ed000)]
  0x00007fc394801800 JavaThread "JFXMedia Player EventQueueThread" daemon [_thread_blocked, id=29065, stack(0x00007fc342aa1000,0x00007fc342ba2000)]
  0x00007fc3941d8000 JavaThread "Timer-8" daemon [_thread_blocked, id=29071, stack(0x00007fc33f8ed000,0x00007fc33f9ee000)]
  0x00007fc394842000 JavaThread "JFXMedia Player EventQueueThread" daemon [_thread_blocked, id=29086, stack(0x00007fc3412f2000,0x00007fc3413f3000)]
  0x00007fc394822000 JavaThread "Timer-9" daemon [_thread_blocked, id=29090, stack(0x00007fc334d9a000,0x00007fc334e9b000)]
  0x00007fc394864800 JavaThread "JFXMedia Player EventQueueThread" daemon [_thread_blocked, id=29094, stack(0x00007fc334c99000,0x00007fc334d9a000)]
  0x00007fc394870800 JavaThread "Timer-10" daemon [_thread_blocked, id=29099, stack(0x00007fc332b94000,0x00007fc332c95000)]
  0x00007fc39487f800 JavaThread "JFXMedia Player EventQueueThread" daemon [_thread_blocked, id=29100, stack(0x00007fc332a93000,0x00007fc332b94000)]
  0x00007fc39480f800 JavaThread "Timer-11" daemon [_thread_blocked, id=29105, stack(0x00007fc330f8f000,0x00007fc331090000)]
  0x00007fc3948c8800 JavaThread "JFXMedia Player EventQueueThread" daemon [_thread_blocked, id=29113, stack(0x00007fc330599000,0x00007fc33069a000)]
  0x00007fc39481f800 JavaThread "Timer-12" daemon [_thread_blocked, id=29121, stack(0x00007fc330498000,0x00007fc330599000)]
  0x00007fc394917000 JavaThread "JFXMedia Player EventQueueThread" daemon [_thread_blocked, id=29125, stack(0x00007fc330397000,0x00007fc330498000)]
  0x00007fc3949c2800 JavaThread "Timer-13" daemon [_thread_blocked, id=29130, stack(0x00007fc330296000,0x00007fc330397000)]
  0x00007fc3949d4800 JavaThread "JFXMedia Player EventQueueThread" daemon [_thread_blocked, id=29133, stack(0x00007fc330195000,0x00007fc330296000)]
  0x00007fc3949de800 JavaThread "Timer-14" daemon [_thread_blocked, id=29139, stack(0x00007fc2993c7000,0x00007fc2994c8000)]
  0x00007fc394913000 JavaThread "JFXMedia Player EventQueueThread" daemon [_thread_blocked, id=29151, stack(0x00007fc298ac5000,0x00007fc298bc6000)]
  0x00007fc3948f8000 JavaThread "Timer-15" daemon [_thread_blocked, id=29155, stack(0x00007fc2871b8000,0x00007fc2872b9000)]
  0x00007fc394995800 JavaThread "JFXMedia Player EventQueueThread" daemon [_thread_blocked, id=29158, stack(0x00007fc2870b7000,0x00007fc2871b8000)]
  0x00007fc3948df800 JavaThread "Timer-16" daemon [_thread_blocked, id=29163, stack(0x00007fc274fa7000,0x00007fc2750a8000)]
  0x00007fc394933000 JavaThread "JFXMedia Player EventQueueThread" daemon [_thread_blocked, id=29174, stack(0x00007fc262d97000,0x00007fc262e98000)]
  0x00007fc394963000 JavaThread "Timer-18" daemon [_thread_blocked, id=29178, stack(0x00007fc274ea6000,0x00007fc274fa7000)]
  0x00007fc394957800 JavaThread "JFXMedia Player EventQueueThread" daemon [_thread_blocked, id=29186, stack(0x00007fc274da5000,0x00007fc274ea6000)]
  0x00007fc39496f000 JavaThread "Timer-19" daemon [_thread_blocked, id=29191, stack(0x00007fc272ca0000,0x00007fc272da1000)]
  0x00007fc394a08800 JavaThread "JFXMedia Player EventQueueThread" daemon [_thread_blocked, id=29200, stack(0x00007fc272b9f000,0x00007fc272ca0000)]
  0x00007fc394a0a000 JavaThread "Timer-20" daemon [_thread_blocked, id=29205, stack(0x00007fc27129b000,0x00007fc27139c000)]
  0x00007fc394a3b000 JavaThread "JFXMedia Player EventQueueThread" daemon [_thread_blocked, id=29206, stack(0x00007fc27119a000,0x00007fc27129b000)]
  0x00007fc3949f5800 JavaThread "Timer-21" daemon [_thread_blocked, id=29211, stack(0x00007fc271099000,0x00007fc27119a000)]
  0x00007fc394a60800 JavaThread "JFXMedia Player EventQueueThread" daemon [_thread_blocked, id=29214, stack(0x00007fc270f98000,0x00007fc271099000)]
  0x00007fc394a6f800 JavaThread "Timer-22" daemon [_thread_blocked, id=29221, stack(0x00007fc264d93000,0x00007fc264e94000)]
  0x00007fc394a84000 JavaThread "JFXMedia Player EventQueueThread" daemon [_thread_blocked, id=29239, stack(0x00007fc264c92000,0x00007fc264d93000)]
  0x00007fc3949f3800 JavaThread "Timer-23" daemon [_thread_blocked, id=29244, stack(0x00007fc264b91000,0x00007fc264c92000)]
  0x00007fc394a9e000 JavaThread "JFXMedia Player EventQueueThread" daemon [_thread_blocked, id=29248, stack(0x00007fc264a90000,0x00007fc264b91000)]
  0x00007fc394aa5800 JavaThread "Timer-24" daemon [_thread_blocked, id=29253, stack(0x00007fc26498f000,0x00007fc264a90000)]
  0x00007fc394abf800 JavaThread "JFXMedia Player EventQueueThread" daemon [_thread_blocked, id=29263, stack(0x00007fc26488e000,0x00007fc26498f000)]
  0x00007fc394b84000 JavaThread "Timer-25" daemon [_thread_blocked, id=29268, stack(0x00007fc26478d000,0x00007fc26488e000)]
  0x00007fc394b90800 JavaThread "JFXMedia Player EventQueueThread" daemon [_thread_blocked, id=29273, stack(0x00007fc1e3c5f000,0x00007fc1e3d60000)]
  0x00007fc394ac4000 JavaThread "Timer-26" daemon [_thread_blocked, id=29278, stack(0x00007fc1d1b4f000,0x00007fc1d1c50000)]
  0x00007fc394b54800 JavaThread "JFXMedia Player EventQueueThread" daemon [_thread_blocked, id=29304, stack(0x00007fc1d1a4e000,0x00007fc1d1b4f000)]
  0x00007fc394b70800 JavaThread "Timer-27" daemon [_thread_blocked, id=29313, stack(0x00007fc1bf93f000,0x00007fc1bfa40000)]
  0x00007fc394b05000 JavaThread "JFXMedia Player EventQueueThread" daemon [_thread_blocked, id=29358, stack(0x00007fc1bf83e000,0x00007fc1bf93f000)]
  0x00007fc394b68000 JavaThread "Timer-28" daemon [_thread_blocked, id=29363, stack(0x00007fc1ad72f000,0x00007fc1ad830000)]
  0x00007fc394b3c800 JavaThread "JFXMedia Player EventQueueThread" daemon [_thread_blocked, id=29364, stack(0x00007fc1ad62e000,0x00007fc1ad72f000)]
  0x00007fc394b45000 JavaThread "Timer-29" daemon [_thread_blocked, id=29371, stack(0x00007fc19b51f000,0x00007fc19b620000)]
  0x00007fc394ae3800 JavaThread "JFXMedia Player EventQueueThread" daemon [_thread_blocked, id=29376, stack(0x00007fc19ac1d000,0x00007fc19ad1e000)]
  0x00007fc394af1800 JavaThread "Timer-30" daemon [_thread_blocked, id=29386, stack(0x00007fc189310000,0x00007fc189411000)]
  0x00007fc394c53000 JavaThread "JFXMedia Player EventQueueThread" daemon [_thread_blocked, id=29398, stack(0x00007fc18920f000,0x00007fc189310000)]
  0x00007fc394ac5000 JavaThread "Timer-31" daemon [_thread_blocked, id=29407, stack(0x00007fc1770ff000,0x00007fc177200000)]
  0x00007fc394bf0800 JavaThread "JFXMedia Player EventQueueThread" daemon [_thread_blocked, id=29427, stack(0x00007fc176ffe000,0x00007fc1770ff000)]
  0x00007fc394c4c800 JavaThread "Timer-32" daemon [_thread_blocked, id=29433, stack(0x00007fc164eef000,0x00007fc164ff0000)]
  0x00007fc394bda800 JavaThread "JFXMedia Player EventQueueThread" daemon [_thread_blocked, id=29436, stack(0x00007fc164dee000,0x00007fc164eef000)]
  0x00007fc394b50000 JavaThread "Timer-33" daemon [_thread_blocked, id=29441, stack(0x00007fc152cdf000,0x00007fc152de0000)]
  0x00007fc394c0b800 JavaThread "JFXMedia Player EventQueueThread" daemon [_thread_blocked, id=29503, stack(0x00007fc152bde000,0x00007fc152cdf000)]
  0x00007fc394c15000 JavaThread "Timer-34" daemon [_thread_blocked, id=29508, stack(0x00007fc140acf000,0x00007fc140bd0000)]
  0x00007fc394c31000 JavaThread "JFXMedia Player EventQueueThread" daemon [_thread_blocked, id=29525, stack(0x00007fc1409ce000,0x00007fc140acf000)]
  0x00007fc394c67800 JavaThread "Timer-35" daemon [_thread_blocked, id=29532, stack(0x00007fc12e8bf000,0x00007fc12e9c0000)]
  0x00007fc394c78800 JavaThread "JFXMedia Player EventQueueThread" daemon [_thread_blocked, id=29533, stack(0x00007fc12e7be000,0x00007fc12e8bf000)]
  0x00007fc394c83000 JavaThread "Timer-36" daemon [_thread_blocked, id=29538, stack(0x00007fc11c6af000,0x00007fc11c7b0000)]
  0x00007fc394ca3800 JavaThread "JFXMedia Player EventQueueThread" daemon [_thread_blocked, id=29543, stack(0x00007fc11c5ae000,0x00007fc11c6af000)]
  0x00007fc394bd8800 JavaThread "Timer-37" daemon [_thread_blocked, id=29548, stack(0x00007fc10a49f000,0x00007fc10a5a0000)]
  0x00007fc394c99000 JavaThread "JFXMedia Player EventQueueThread" daemon [_thread_blocked, id=29554, stack(0x00007fc10a39e000,0x00007fc10a49f000)]
  0x00007fc394cd9800 JavaThread "Timer-38" daemon [_thread_blocked, id=29559, stack(0x00007fc0f828f000,0x00007fc0f8390000)]
  0x00007fc394cea000 JavaThread "JFXMedia Player EventQueueThread" daemon [_thread_blocked, id=29597, stack(0x00007fc0f818e000,0x00007fc0f828f000)]
  0x00007fc394c22000 JavaThread "Timer-39" daemon [_thread_blocked, id=29602, stack(0x00007fc0e607f000,0x00007fc0e6180000)]
  0x00007fc394d18000 JavaThread "JFXMedia Player EventQueueThread" daemon [_thread_blocked, id=29609, stack(0x00007fc0e5f7e000,0x00007fc0e607f000)]
  0x00007fc394cbe800 JavaThread "Timer-40" daemon [_thread_blocked, id=29614, stack(0x00007fc0d3e6f000,0x00007fc0d3f70000)]
  0x00007fc394d35000 JavaThread "JFXMedia Player EventQueueThread" daemon [_thread_blocked, id=29617, stack(0x00007fc0d3d6e000,0x00007fc0d3e6f000)]
  0x00007fc394d40800 JavaThread "Timer-41" daemon [_thread_blocked, id=29622, stack(0x00007fc0c1c5f000,0x00007fc0c1d60000)]
  0x00007fc394d53000 JavaThread "JFXMedia Player EventQueueThread" daemon [_thread_blocked, id=29625, stack(0x00007fc0c1b5e000,0x00007fc0c1c5f000)]
  0x00007fc394c9b000 JavaThread "Timer-42" daemon [_thread_blocked, id=29630, stack(0x00007fc0afa4f000,0x00007fc0afb50000)]
  0x00007fc394d70800 JavaThread "JFXMedia Player EventQueueThread" daemon [_thread_blocked, id=29635, stack(0x00007fc0af94e000,0x00007fc0afa4f000)]
  0x00007fc394d1b000 JavaThread "Timer-43" daemon [_thread_blocked, id=29640, stack(0x00007fc09d83f000,0x00007fc09d940000)]
  0x00007fc394d9b800 JavaThread "JFXMedia Player EventQueueThread" daemon [_thread_blocked, id=29644, stack(0x00007fc09cf3d000,0x00007fc09d03e000)]
  0x00007fc394cde000 JavaThread "Timer-44" daemon [_thread_blocked, id=29648, stack(0x00007fc08b630000,0x00007fc08b731000)]

Other Threads:
  0x00007fc3b0159000 VMThread "VM Thread" [stack: 0x00007fc3b46c0000,0x00007fc3b47c0000] [id=28885]
  0x00007fc3b0301800 WatcherThread [stack: 0x00007fc39010b000,0x00007fc39020b000] [id=28903]
  0x00007fc3b002f800 GCTaskThread "GC Thread#0" [stack: 0x00007fc3b63c5000,0x00007fc3b64c5000] [id=28880]
  0x00007fc37c001000 GCTaskThread "GC Thread#1" [stack: 0x00007fc39020d000,0x00007fc39030d000] [id=28902]
  0x00007fc3b005e000 ConcurrentGCThread "G1 Main Marker" [stack: 0x00007fc3b55a6000,0x00007fc3b56a6000] [id=28881]
  0x00007fc3b0060000 ConcurrentGCThread "G1 Conc#0" [stack: 0x00007fc3b54a4000,0x00007fc3b55a4000] [id=28882]
  0x00007fc3b00c9000 ConcurrentGCThread "G1 Refine#0" [stack: 0x00007fc3b51a0000,0x00007fc3b52a0000] [id=28883]
  0x00007fc3b00ca800 ConcurrentGCThread "G1 Young RemSet Sampling" [stack: 0x00007fc3b509e000,0x00007fc3b519e000] [id=28884]

Threads with active compile tasks:

VM state:not at safepoint (normal execution)

VM Mutex/Monitor currently owned by a thread: None

Heap address: 0x000000008c200000, size: 1854 MB, Compressed Oops mode: 32-bit
Narrow klass base: 0x0000000800000000, Narrow klass shift: 3
Compressed class space size: 1073741824 Address: 0x0000000840000000

Heap:
 garbage-first heap   total 1467392K, used 1412609K [0x000000008c200000, 0x0000000100000000)
  region size 1024K, 42 young (43008K), 9 survivors (9216K)
 Metaspace       used 21495K, capacity 22452K, committed 22528K, reserved 1069056K
  class space    used 2652K, capacity 3052K, committed 3072K, reserved 1048576K
Heap Regions: E=young(eden), S=young(survivor), O=old, HS=humongous(starts), HC=humongous(continues), CS=collection set, F=free, A=archive, TAMS=top-at-mark-start (previous, next)
|   0|0x000000008c200000, 0x000000008c300000, 0x000000008c300000|100%|HS|  |TAMS 0x000000008c300000, 0x000000008c200000| Complete 
|   1|0x000000008c300000, 0x000000008c400000, 0x000000008c400000|100%|HC|  |TAMS 0x000000008c400000, 0x000000008c300000| Complete 
|   2|0x000000008c400000, 0x000000008c500000, 0x000000008c500000|100%|HC|  |TAMS 0x000000008c500000, 0x000000008c400000| Complete 
|   3|0x000000008c500000, 0x000000008c600000, 0x000000008c600000|100%|HC|  |TAMS 0x000000008c600000, 0x000000008c500000| Complete 
|   4|0x000000008c600000, 0x000000008c700000, 0x000000008c700000|100%|HC|  |TAMS 0x000000008c700000, 0x000000008c600000| Complete 
|   5|0x000000008c700000, 0x000000008c800000, 0x000000008c800000|100%|HC|  |TAMS 0x000000008c800000, 0x000000008c700000| Complete 
|   6|0x000000008c800000, 0x000000008c900000, 0x000000008c900000|100%|HC|  |TAMS 0x000000008c900000, 0x000000008c800000| Complete 
|   7|0x000000008c900000, 0x000000008ca00000, 0x000000008ca00000|100%|HC|  |TAMS 0x000000008ca00000, 0x000000008c900000| Complete 
|   8|0x000000008ca00000, 0x000000008cb00000, 0x000000008cb00000|100%|HS|  |TAMS 0x000000008cb00000, 0x000000008ca00000| Complete 
|   9|0x000000008cb00000, 0x000000008cc00000, 0x000000008cc00000|100%|HC|  |TAMS 0x000000008cc00000, 0x000000008cb00000| Complete 
|  10|0x000000008cc00000, 0x000000008cd00000, 0x000000008cd00000|100%|HC|  |TAMS 0x000000008cd00000, 0x000000008cc00000| Complete 
|  11|0x000000008cd00000, 0x000000008ce00000, 0x000000008ce00000|100%|HC|  |TAMS 0x000000008ce00000, 0x000000008cd00000| Complete 
|  12|0x000000008ce00000, 0x000000008cf00000, 0x000000008cf00000|100%|HC|  |TAMS 0x000000008cf00000, 0x000000008ce00000| Complete 
|  13|0x000000008cf00000, 0x000000008d000000, 0x000000008d000000|100%| O|  |TAMS 0x000000008d000000, 0x000000008cf00000| Untracked 
|  14|0x000000008d000000, 0x000000008d100000, 0x000000008d100000|100%| O|  |TAMS 0x000000008d100000, 0x000000008d000000| Untracked 
|  15|0x000000008d100000, 0x000000008d200000, 0x000000008d200000|100%| O|  |TAMS 0x000000008d200000, 0x000000008d100000| Untracked 
|  16|0x000000008d200000, 0x000000008d300000, 0x000000008d300000|100%| O|  |TAMS 0x000000008d300000, 0x000000008d200000| Untracked 
|  17|0x000000008d300000, 0x000000008d400000, 0x000000008d400000|100%| O|  |TAMS 0x000000008d400000, 0x000000008d300000| Untracked 
|  18|0x000000008d400000, 0x000000008d500000, 0x000000008d500000|100%| O|  |TAMS 0x000000008d500000, 0x000000008d400000| Untracked 
|  19|0x000000008d500000, 0x000000008d600000, 0x000000008d600000|100%| O|  |TAMS 0x000000008d600000, 0x000000008d500000| Untracked 
|  20|0x000000008d600000, 0x000000008d700000, 0x000000008d700000|100%|HS|  |TAMS 0x000000008d700000, 0x000000008d600000| Complete 
|  21|0x000000008d700000, 0x000000008d800000, 0x000000008d800000|100%|HS|  |TAMS 0x000000008d800000, 0x000000008d700000| Complete 
|  22|0x000000008d800000, 0x000000008d900000, 0x000000008d900000|100%|HS|  |TAMS 0x000000008d900000, 0x000000008d800000| Complete 
|  23|0x000000008d900000, 0x000000008da00000, 0x000000008da00000|100%| O|  |TAMS 0x000000008da00000, 0x000000008d900000| Untracked 
|  24|0x000000008da00000, 0x000000008db00000, 0x000000008db00000|100%|HS|  |TAMS 0x000000008db00000, 0x000000008da00000| Complete 
|  25|0x000000008db00000, 0x000000008dc00000, 0x000000008dc00000|100%|HC|  |TAMS 0x000000008dc00000, 0x000000008db00000| Complete 
|  26|0x000000008dc00000, 0x000000008dd00000, 0x000000008dd00000|100%|HS|  |TAMS 0x000000008dd00000, 0x000000008dc00000| Complete 
|  27|0x000000008dd00000, 0x000000008de00000, 0x000000008de00000|100%|HC|  |TAMS 0x000000008de00000, 0x000000008dd00000| Complete 
|  28|0x000000008de00000, 0x000000008df00000, 0x000000008df00000|100%|HS|  |TAMS 0x000000008df00000, 0x000000008de00000| Complete 
|  29|0x000000008df00000, 0x000000008e000000, 0x000000008e000000|100%|HS|  |TAMS 0x000000008e000000, 0x000000008df00000| Complete 
|  30|0x000000008e000000, 0x000000008e100000, 0x000000008e100000|100%|HS|  |TAMS 0x000000008e100000, 0x000000008e000000| Complete 
|  31|0x000000008e100000, 0x000000008e200000, 0x000000008e200000|100%|HS|  |TAMS 0x000000008e200000, 0x000000008e100000| Complete 
|  32|0x000000008e200000, 0x000000008e300000, 0x000000008e300000|100%|HS|  |TAMS 0x000000008e300000, 0x000000008e200000| Complete 
|  33|0x000000008e300000, 0x000000008e400000, 0x000000008e400000|100%| O|  |TAMS 0x000000008e400000, 0x000000008e300000| Untracked 
|  34|0x000000008e400000, 0x000000008e500000, 0x000000008e500000|100%|HS|  |TAMS 0x000000008e500000, 0x000000008e400000| Complete 
|  35|0x000000008e500000, 0x000000008e600000, 0x000000008e600000|100%|HC|  |TAMS 0x000000008e600000, 0x000000008e500000| Complete 
|  36|0x000000008e600000, 0x000000008e700000, 0x000000008e700000|100%|HS|  |TAMS 0x000000008e700000, 0x000000008e600000| Complete 
|  37|0x000000008e700000, 0x000000008e800000, 0x000000008e800000|100%|HS|  |TAMS 0x000000008e800000, 0x000000008e700000| Complete 
|  38|0x000000008e800000, 0x000000008e900000, 0x000000008e900000|100%|HS|  |TAMS 0x000000008e900000, 0x000000008e800000| Complete 
|  39|0x000000008e900000, 0x000000008ea00000, 0x000000008ea00000|100%|HS|  |TAMS 0x000000008ea00000, 0x000000008e900000| Complete 
|  40|0x000000008ea00000, 0x000000008eb00000, 0x000000008eb00000|100%|HS|  |TAMS 0x000000008eb00000, 0x000000008ea00000| Complete 
|  41|0x000000008eb00000, 0x000000008ec00000, 0x000000008ec00000|100%|HS|  |TAMS 0x000000008ec00000, 0x000000008eb00000| Complete 
|  42|0x000000008ec00000, 0x000000008ed00000, 0x000000008ed00000|100%|HC|  |TAMS 0x000000008ed00000, 0x000000008ec00000| Complete 
|  43|0x000000008ed00000, 0x000000008ee00000, 0x000000008ee00000|100%|HS|  |TAMS 0x000000008ee00000, 0x000000008ed00000| Complete 
|  44|0x000000008ee00000, 0x000000008ef00000, 0x000000008ef00000|100%|HS|  |TAMS 0x000000008ef00000, 0x000000008ee00000| Complete 
|  45|0x000000008ef00000, 0x000000008f000000, 0x000000008f000000|100%|HS|  |TAMS 0x000000008f000000, 0x000000008ef00000| Complete 
|  46|0x000000008f000000, 0x000000008f100000, 0x000000008f100000|100%|HS|  |TAMS 0x000000008f100000, 0x000000008f000000| Complete 
|  47|0x000000008f100000, 0x000000008f200000, 0x000000008f200000|100%|HC|  |TAMS 0x000000008f200000, 0x000000008f100000| Complete 
|  48|0x000000008f200000, 0x000000008f300000, 0x000000008f300000|100%|HS|  |TAMS 0x000000008f300000, 0x000000008f200000| Complete 
|  49|0x000000008f300000, 0x000000008f400000, 0x000000008f400000|100%|HS|  |TAMS 0x000000008f400000, 0x000000008f300000| Complete 
|  50|0x000000008f400000, 0x000000008f500000, 0x000000008f500000|100%| O|  |TAMS 0x000000008f500000, 0x000000008f400000| Untracked 
|  51|0x000000008f500000, 0x000000008f600000, 0x000000008f600000|100%| O|  |TAMS 0x000000008f600000, 0x000000008f500000| Untracked 
|  52|0x000000008f600000, 0x000000008f700000, 0x000000008f700000|100%|HS|  |TAMS 0x000000008f700000, 0x000000008f600000| Complete 
|  53|0x000000008f700000, 0x000000008f800000, 0x000000008f800000|100%|HS|  |TAMS 0x000000008f800000, 0x000000008f700000| Complete 
|  54|0x000000008f800000, 0x000000008f900000, 0x000000008f900000|100%|HC|  |TAMS 0x000000008f900000, 0x000000008f800000| Complete 
|  55|0x000000008f900000, 0x000000008fa00000, 0x000000008fa00000|100%| O|  |TAMS 0x000000008fa00000, 0x000000008f900000| Untracked 
|  56|0x000000008fa00000, 0x000000008fb00000, 0x000000008fb00000|100%|HS|  |TAMS 0x000000008fb00000, 0x000000008fa00000| Complete 
|  57|0x000000008fb00000, 0x000000008fc00000, 0x000000008fc00000|100%|HC|  |TAMS 0x000000008fc00000, 0x000000008fb00000| Complete 
|  58|0x000000008fc00000, 0x000000008fd00000, 0x000000008fd00000|100%|HS|  |TAMS 0x000000008fd00000, 0x000000008fc00000| Complete 
|  59|0x000000008fd00000, 0x000000008fe00000, 0x000000008fe00000|100%|HS|  |TAMS 0x000000008fe00000, 0x000000008fd00000| Complete 
|  60|0x000000008fe00000, 0x000000008ff00000, 0x000000008ff00000|100%|HS|  |TAMS 0x000000008ff00000, 0x000000008fe00000| Complete 
|  61|0x000000008ff00000, 0x0000000090000000, 0x0000000090000000|100%| O|  |TAMS 0x0000000090000000, 0x000000008ff00000| Untracked 
|  62|0x0000000090000000, 0x0000000090100000, 0x0000000090100000|100%|HS|  |TAMS 0x0000000090100000, 0x0000000090000000| Complete 
|  63|0x0000000090100000, 0x0000000090200000, 0x0000000090200000|100%|HC|  |TAMS 0x0000000090200000, 0x0000000090100000| Complete 
|  64|0x0000000090200000, 0x0000000090300000, 0x0000000090300000|100%|HS|  |TAMS 0x0000000090300000, 0x0000000090200000| Complete 
|  65|0x0000000090300000, 0x0000000090400000, 0x0000000090400000|100%| O|  |TAMS 0x0000000090400000, 0x0000000090300000| Untracked 
|  66|0x0000000090400000, 0x0000000090500000, 0x0000000090500000|100%|HS|  |TAMS 0x0000000090500000, 0x0000000090400000| Complete 
|  67|0x0000000090500000, 0x0000000090600000, 0x0000000090600000|100%|HC|  |TAMS 0x0000000090600000, 0x0000000090500000| Complete 
|  68|0x0000000090600000, 0x0000000090700000, 0x0000000090700000|100%|HS|  |TAMS 0x0000000090700000, 0x0000000090600000| Complete 
|  69|0x0000000090700000, 0x0000000090800000, 0x0000000090800000|100%|HS|  |TAMS 0x0000000090800000, 0x0000000090700000| Complete 
|  70|0x0000000090800000, 0x0000000090900000, 0x0000000090900000|100%|HS|  |TAMS 0x0000000090900000, 0x0000000090800000| Complete 
|  71|0x0000000090900000, 0x0000000090a00000, 0x0000000090a00000|100%| O|  |TAMS 0x0000000090a00000, 0x0000000090900000| Untracked 
|  72|0x0000000090a00000, 0x0000000090b00000, 0x0000000090b00000|100%|HS|  |TAMS 0x0000000090b00000, 0x0000000090a00000| Complete 
|  73|0x0000000090b00000, 0x0000000090c00000, 0x0000000090c00000|100%|HS|  |TAMS 0x0000000090c00000, 0x0000000090b00000| Complete 
|  74|0x0000000090c00000, 0x0000000090d00000, 0x0000000090d00000|100%|HS|  |TAMS 0x0000000090d00000, 0x0000000090c00000| Complete 
|  75|0x0000000090d00000, 0x0000000090e00000, 0x0000000090e00000|100%|HS|  |TAMS 0x0000000090e00000, 0x0000000090d00000| Complete 
|  76|0x0000000090e00000, 0x0000000090f00000, 0x0000000090f00000|100%|HS|  |TAMS 0x0000000090f00000, 0x0000000090e00000| Complete 
|  77|0x0000000090f00000, 0x0000000091000000, 0x0000000091000000|100%|HS|  |TAMS 0x0000000091000000, 0x0000000090f00000| Complete 
|  78|0x0000000091000000, 0x0000000091100000, 0x0000000091100000|100%|HS|  |TAMS 0x0000000091100000, 0x0000000091000000| Complete 
|  79|0x0000000091100000, 0x0000000091200000, 0x0000000091200000|100%|HC|  |TAMS 0x0000000091200000, 0x0000000091100000| Complete 
|  80|0x0000000091200000, 0x0000000091300000, 0x0000000091300000|100%|HC|  |TAMS 0x0000000091300000, 0x0000000091200000| Complete 
|  81|0x0000000091300000, 0x0000000091400000, 0x0000000091400000|100%|HC|  |TAMS 0x0000000091400000, 0x0000000091300000| Complete 
|  82|0x0000000091400000, 0x0000000091500000, 0x0000000091500000|100%|HC|  |TAMS 0x0000000091500000, 0x0000000091400000| Complete 
|  83|0x0000000091500000, 0x0000000091600000, 0x0000000091600000|100%|HC|  |TAMS 0x0000000091600000, 0x0000000091500000| Complete 
|  84|0x0000000091600000, 0x0000000091700000, 0x0000000091700000|100%|HC|  |TAMS 0x0000000091700000, 0x0000000091600000| Complete 
|  85|0x0000000091700000, 0x0000000091800000, 0x0000000091800000|100%|HC|  |TAMS 0x0000000091800000, 0x0000000091700000| Complete 
|  86|0x0000000091800000, 0x0000000091900000, 0x0000000091900000|100%|HC|  |TAMS 0x0000000091900000, 0x0000000091800000| Complete 
|  87|0x0000000091900000, 0x0000000091a00000, 0x0000000091a00000|100%|HS|  |TAMS 0x0000000091a00000, 0x0000000091900000| Complete 
|  88|0x0000000091a00000, 0x0000000091b00000, 0x0000000091b00000|100%|HC|  |TAMS 0x0000000091b00000, 0x0000000091a00000| Complete 
|  89|0x0000000091b00000, 0x0000000091c00000, 0x0000000091c00000|100%|HS|  |TAMS 0x0000000091c00000, 0x0000000091b00000| Complete 
|  90|0x0000000091c00000, 0x0000000091d00000, 0x0000000091d00000|100%|HC|  |TAMS 0x0000000091d00000, 0x0000000091c00000| Complete 
|  91|0x0000000091d00000, 0x0000000091e00000, 0x0000000091e00000|100%|HS|  |TAMS 0x0000000091e00000, 0x0000000091d00000| Complete 
|  92|0x0000000091e00000, 0x0000000091f00000, 0x0000000091f00000|100%|HS|  |TAMS 0x0000000091f00000, 0x0000000091e00000| Complete 
|  93|0x0000000091f00000, 0x0000000092000000, 0x0000000092000000|100%|HS|  |TAMS 0x0000000092000000, 0x0000000091f00000| Complete 
|  94|0x0000000092000000, 0x0000000092100000, 0x0000000092100000|100%|HS|  |TAMS 0x0000000092100000, 0x0000000092000000| Complete 
|  95|0x0000000092100000, 0x0000000092200000, 0x0000000092200000|100%| O|  |TAMS 0x0000000092200000, 0x0000000092100000| Untracked 
|  96|0x0000000092200000, 0x0000000092300000, 0x0000000092300000|100%| O|  |TAMS 0x0000000092300000, 0x0000000092200000| Untracked 
|  97|0x0000000092300000, 0x0000000092400000, 0x0000000092400000|100%|HS|  |TAMS 0x0000000092400000, 0x0000000092300000| Complete 
|  98|0x0000000092400000, 0x0000000092500000, 0x0000000092500000|100%|HS|  |TAMS 0x0000000092500000, 0x0000000092400000| Complete 
|  99|0x0000000092500000, 0x0000000092600000, 0x0000000092600000|100%|HC|  |TAMS 0x0000000092600000, 0x0000000092500000| Complete 
| 100|0x0000000092600000, 0x0000000092700000, 0x0000000092700000|100%|HS|  |TAMS 0x0000000092700000, 0x0000000092600000| Complete 
| 101|0x0000000092700000, 0x0000000092800000, 0x0000000092800000|100%|HS|  |TAMS 0x0000000092800000, 0x0000000092700000| Complete 
| 102|0x0000000092800000, 0x0000000092900000, 0x0000000092900000|100%|HS|  |TAMS 0x0000000092900000, 0x0000000092800000| Complete 
| 103|0x0000000092900000, 0x0000000092a00000, 0x0000000092a00000|100%|HC|  |TAMS 0x0000000092a00000, 0x0000000092900000| Complete 
| 104|0x0000000092a00000, 0x0000000092b00000, 0x0000000092b00000|100%|HS|  |TAMS 0x0000000092b00000, 0x0000000092a00000| Complete 
| 105|0x0000000092b00000, 0x0000000092c00000, 0x0000000092c00000|100%|HS|  |TAMS 0x0000000092c00000, 0x0000000092b00000| Complete 
| 106|0x0000000092c00000, 0x0000000092d00000, 0x0000000092d00000|100%|HS|  |TAMS 0x0000000092d00000, 0x0000000092c00000| Complete 
| 107|0x0000000092d00000, 0x0000000092e00000, 0x0000000092e00000|100%|HS|  |TAMS 0x0000000092e00000, 0x0000000092d00000| Complete 
| 108|0x0000000092e00000, 0x0000000092f00000, 0x0000000092f00000|100%|HS|  |TAMS 0x0000000092f00000, 0x0000000092e00000| Complete 
| 109|0x0000000092f00000, 0x0000000093000000, 0x0000000093000000|100%|HS|  |TAMS 0x0000000093000000, 0x0000000092f00000| Complete 
| 110|0x0000000093000000, 0x0000000093100000, 0x0000000093100000|100%|HC|  |TAMS 0x0000000093100000, 0x0000000093000000| Complete 
| 111|0x0000000093100000, 0x0000000093200000, 0x0000000093200000|100%|HS|  |TAMS 0x0000000093200000, 0x0000000093100000| Complete 
| 112|0x0000000093200000, 0x0000000093300000, 0x0000000093300000|100%|HS|  |TAMS 0x0000000093300000, 0x0000000093200000| Complete 
| 113|0x0000000093300000, 0x0000000093400000, 0x0000000093400000|100%|HS|  |TAMS 0x0000000093400000, 0x0000000093300000| Complete 
| 114|0x0000000093400000, 0x0000000093500000, 0x0000000093500000|100%|HS|  |TAMS 0x0000000093500000, 0x0000000093400000| Complete 
| 115|0x0000000093500000, 0x0000000093600000, 0x0000000093600000|100%|HS|  |TAMS 0x0000000093600000, 0x0000000093500000| Complete 
| 116|0x0000000093600000, 0x0000000093700000, 0x0000000093700000|100%|HS|  |TAMS 0x0000000093700000, 0x0000000093600000| Complete 
| 117|0x0000000093700000, 0x0000000093800000, 0x0000000093800000|100%|HS|  |TAMS 0x0000000093800000, 0x0000000093700000| Complete 
| 118|0x0000000093800000, 0x0000000093900000, 0x0000000093900000|100%|HS|  |TAMS 0x0000000093900000, 0x0000000093800000| Complete 
| 119|0x0000000093900000, 0x0000000093a00000, 0x0000000093a00000|100%|HC|  |TAMS 0x0000000093a00000, 0x0000000093900000| Complete 
| 120|0x0000000093a00000, 0x0000000093b00000, 0x0000000093b00000|100%|HS|  |TAMS 0x0000000093b00000, 0x0000000093a00000| Complete 
| 121|0x0000000093b00000, 0x0000000093c00000, 0x0000000093c00000|100%|HS|  |TAMS 0x0000000093c00000, 0x0000000093b00000| Complete 
| 122|0x0000000093c00000, 0x0000000093d00000, 0x0000000093d00000|100%|HS|  |TAMS 0x0000000093d00000, 0x0000000093c00000| Complete 
| 123|0x0000000093d00000, 0x0000000093e00000, 0x0000000093e00000|100%|HS|  |TAMS 0x0000000093e00000, 0x0000000093d00000| Complete 
| 124|0x0000000093e00000, 0x0000000093f00000, 0x0000000093f00000|100%|HS|  |TAMS 0x0000000093f00000, 0x0000000093e00000| Complete 
| 125|0x0000000093f00000, 0x0000000094000000, 0x0000000094000000|100%|HS|  |TAMS 0x0000000094000000, 0x0000000093f00000| Complete 
| 126|0x0000000094000000, 0x0000000094100000, 0x0000000094100000|100%|HS|  |TAMS 0x0000000094100000, 0x0000000094000000| Complete 
| 127|0x0000000094100000, 0x0000000094200000, 0x0000000094200000|100%|HS|  |TAMS 0x0000000094200000, 0x0000000094100000| Complete 
| 128|0x0000000094200000, 0x0000000094300000, 0x0000000094300000|100%|HC|  |TAMS 0x0000000094300000, 0x0000000094200000| Complete 
| 129|0x0000000094300000, 0x0000000094400000, 0x0000000094400000|100%|HC|  |TAMS 0x0000000094400000, 0x0000000094300000| Complete 
| 130|0x0000000094400000, 0x0000000094500000, 0x0000000094500000|100%|HC|  |TAMS 0x0000000094500000, 0x0000000094400000| Complete 
| 131|0x0000000094500000, 0x0000000094600000, 0x0000000094600000|100%|HC|  |TAMS 0x0000000094600000, 0x0000000094500000| Complete 
| 132|0x0000000094600000, 0x0000000094700000, 0x0000000094700000|100%|HC|  |TAMS 0x0000000094700000, 0x0000000094600000| Complete 
| 133|0x0000000094700000, 0x0000000094800000, 0x0000000094800000|100%|HC|  |TAMS 0x0000000094800000, 0x0000000094700000| Complete 
| 134|0x0000000094800000, 0x0000000094900000, 0x0000000094900000|100%|HC|  |TAMS 0x0000000094900000, 0x0000000094800000| Complete 
| 135|0x0000000094900000, 0x0000000094a00000, 0x0000000094a00000|100%|HC|  |TAMS 0x0000000094a00000, 0x0000000094900000| Complete 
| 136|0x0000000094a00000, 0x0000000094b00000, 0x0000000094b00000|100%|HC|  |TAMS 0x0000000094b00000, 0x0000000094a00000| Complete 
| 137|0x0000000094b00000, 0x0000000094c00000, 0x0000000094c00000|100%|HC|  |TAMS 0x0000000094c00000, 0x0000000094b00000| Complete 
| 138|0x0000000094c00000, 0x0000000094d00000, 0x0000000094d00000|100%|HC|  |TAMS 0x0000000094d00000, 0x0000000094c00000| Complete 
| 139|0x0000000094d00000, 0x0000000094e00000, 0x0000000094e00000|100%|HC|  |TAMS 0x0000000094e00000, 0x0000000094d00000| Complete 
| 140|0x0000000094e00000, 0x0000000094f00000, 0x0000000094f00000|100%|HC|  |TAMS 0x0000000094f00000, 0x0000000094e00000| Complete 
| 141|0x0000000094f00000, 0x0000000095000000, 0x0000000095000000|100%|HC|  |TAMS 0x0000000095000000, 0x0000000094f00000| Complete 
| 142|0x0000000095000000, 0x0000000095100000, 0x0000000095100000|100%|HC|  |TAMS 0x0000000095100000, 0x0000000095000000| Complete 
| 143|0x0000000095100000, 0x0000000095200000, 0x0000000095200000|100%|HC|  |TAMS 0x0000000095200000, 0x0000000095100000| Complete 
| 144|0x0000000095200000, 0x0000000095300000, 0x0000000095300000|100%|HC|  |TAMS 0x0000000095300000, 0x0000000095200000| Complete 
| 145|0x0000000095300000, 0x0000000095400000, 0x0000000095400000|100%|HC|  |TAMS 0x0000000095400000, 0x0000000095300000| Complete 
| 146|0x0000000095400000, 0x0000000095500000, 0x0000000095500000|100%|HC|  |TAMS 0x0000000095500000, 0x0000000095400000| Complete 
| 147|0x0000000095500000, 0x0000000095600000, 0x0000000095600000|100%|HC|  |TAMS 0x0000000095600000, 0x0000000095500000| Complete 
| 148|0x0000000095600000, 0x0000000095700000, 0x0000000095700000|100%|HC|  |TAMS 0x0000000095700000, 0x0000000095600000| Complete 
| 149|0x0000000095700000, 0x0000000095800000, 0x0000000095800000|100%|HC|  |TAMS 0x0000000095800000, 0x0000000095700000| Complete 
| 150|0x0000000095800000, 0x0000000095900000, 0x0000000095900000|100%|HC|  |TAMS 0x0000000095900000, 0x0000000095800000| Complete 
| 151|0x0000000095900000, 0x0000000095a00000, 0x0000000095a00000|100%|HC|  |TAMS 0x0000000095a00000, 0x0000000095900000| Complete 
| 152|0x0000000095a00000, 0x0000000095b00000, 0x0000000095b00000|100%|HC|  |TAMS 0x0000000095b00000, 0x0000000095a00000| Complete 
| 153|0x0000000095b00000, 0x0000000095c00000, 0x0000000095c00000|100%|HC|  |TAMS 0x0000000095c00000, 0x0000000095b00000| Complete 
| 154|0x0000000095c00000, 0x0000000095d00000, 0x0000000095d00000|100%|HC|  |TAMS 0x0000000095d00000, 0x0000000095c00000| Complete 
| 155|0x0000000095d00000, 0x0000000095e00000, 0x0000000095e00000|100%|HC|  |TAMS 0x0000000095e00000, 0x0000000095d00000| Complete 
| 156|0x0000000095e00000, 0x0000000095f00000, 0x0000000095f00000|100%|HC|  |TAMS 0x0000000095f00000, 0x0000000095e00000| Complete 
| 157|0x0000000095f00000, 0x0000000096000000, 0x0000000096000000|100%|HC|  |TAMS 0x0000000096000000, 0x0000000095f00000| Complete 
| 158|0x0000000096000000, 0x0000000096100000, 0x0000000096100000|100%|HC|  |TAMS 0x0000000096100000, 0x0000000096000000| Complete 
| 159|0x0000000096100000, 0x0000000096200000, 0x0000000096200000|100%|HS|  |TAMS 0x0000000096200000, 0x0000000096100000| Complete 
| 160|0x0000000096200000, 0x0000000096300000, 0x0000000096300000|100%|HS|  |TAMS 0x0000000096300000, 0x0000000096200000| Complete 
| 161|0x0000000096300000, 0x0000000096400000, 0x0000000096400000|100%|HC|  |TAMS 0x0000000096400000, 0x0000000096300000| Complete 
| 162|0x0000000096400000, 0x0000000096500000, 0x0000000096500000|100%|HS|  |TAMS 0x0000000096500000, 0x0000000096400000| Complete 
| 163|0x0000000096500000, 0x0000000096600000, 0x0000000096600000|100%|HS|  |TAMS 0x0000000096600000, 0x0000000096500000| Complete 
| 164|0x0000000096600000, 0x0000000096700000, 0x0000000096700000|100%|HS|  |TAMS 0x0000000096700000, 0x0000000096600000| Complete 
| 165|0x0000000096700000, 0x0000000096800000, 0x0000000096800000|100%|HS|  |TAMS 0x0000000096800000, 0x0000000096700000| Complete 
| 166|0x0000000096800000, 0x0000000096900000, 0x0000000096900000|100%|HS|  |TAMS 0x0000000096900000, 0x0000000096800000| Complete 
| 167|0x0000000096900000, 0x0000000096a00000, 0x0000000096a00000|100%|HC|  |TAMS 0x0000000096a00000, 0x0000000096900000| Complete 
| 168|0x0000000096a00000, 0x0000000096b00000, 0x0000000096b00000|100%|HC|  |TAMS 0x0000000096b00000, 0x0000000096a00000| Complete 
| 169|0x0000000096b00000, 0x0000000096c00000, 0x0000000096c00000|100%|HC|  |TAMS 0x0000000096c00000, 0x0000000096b00000| Complete 
| 170|0x0000000096c00000, 0x0000000096d00000, 0x0000000096d00000|100%|HC|  |TAMS 0x0000000096d00000, 0x0000000096c00000| Complete 
| 171|0x0000000096d00000, 0x0000000096e00000, 0x0000000096e00000|100%|HC|  |TAMS 0x0000000096e00000, 0x0000000096d00000| Complete 
| 172|0x0000000096e00000, 0x0000000096f00000, 0x0000000096f00000|100%|HC|  |TAMS 0x0000000096f00000, 0x0000000096e00000| Complete 
| 173|0x0000000096f00000, 0x0000000097000000, 0x0000000097000000|100%|HC|  |TAMS 0x0000000097000000, 0x0000000096f00000| Complete 
| 174|0x0000000097000000, 0x0000000097100000, 0x0000000097100000|100%|HC|  |TAMS 0x0000000097100000, 0x0000000097000000| Complete 
| 175|0x0000000097100000, 0x0000000097200000, 0x0000000097200000|100%|HC|  |TAMS 0x0000000097200000, 0x0000000097100000| Complete 
| 176|0x0000000097200000, 0x0000000097300000, 0x0000000097300000|100%|HC|  |TAMS 0x0000000097300000, 0x0000000097200000| Complete 
| 177|0x0000000097300000, 0x0000000097400000, 0x0000000097400000|100%|HC|  |TAMS 0x0000000097400000, 0x0000000097300000| Complete 
| 178|0x0000000097400000, 0x0000000097500000, 0x0000000097500000|100%|HC|  |TAMS 0x0000000097500000, 0x0000000097400000| Complete 
| 179|0x0000000097500000, 0x0000000097600000, 0x0000000097600000|100%|HC|  |TAMS 0x0000000097600000, 0x0000000097500000| Complete 
| 180|0x0000000097600000, 0x0000000097700000, 0x0000000097700000|100%|HC|  |TAMS 0x0000000097700000, 0x0000000097600000| Complete 
| 181|0x0000000097700000, 0x0000000097800000, 0x0000000097800000|100%|HC|  |TAMS 0x0000000097800000, 0x0000000097700000| Complete 
| 182|0x0000000097800000, 0x0000000097900000, 0x0000000097900000|100%|HC|  |TAMS 0x0000000097900000, 0x0000000097800000| Complete 
| 183|0x0000000097900000, 0x0000000097a00000, 0x0000000097a00000|100%|HC|  |TAMS 0x0000000097a00000, 0x0000000097900000| Complete 
| 184|0x0000000097a00000, 0x0000000097b00000, 0x0000000097b00000|100%|HC|  |TAMS 0x0000000097b00000, 0x0000000097a00000| Complete 
| 185|0x0000000097b00000, 0x0000000097c00000, 0x0000000097c00000|100%|HC|  |TAMS 0x0000000097c00000, 0x0000000097b00000| Complete 
| 186|0x0000000097c00000, 0x0000000097d00000, 0x0000000097d00000|100%|HC|  |TAMS 0x0000000097d00000, 0x0000000097c00000| Complete 
| 187|0x0000000097d00000, 0x0000000097e00000, 0x0000000097e00000|100%|HC|  |TAMS 0x0000000097e00000, 0x0000000097d00000| Complete 
| 188|0x0000000097e00000, 0x0000000097f00000, 0x0000000097f00000|100%|HC|  |TAMS 0x0000000097f00000, 0x0000000097e00000| Complete 
| 189|0x0000000097f00000, 0x0000000098000000, 0x0000000098000000|100%|HC|  |TAMS 0x0000000098000000, 0x0000000097f00000| Complete 
| 190|0x0000000098000000, 0x0000000098100000, 0x0000000098100000|100%|HC|  |TAMS 0x0000000098100000, 0x0000000098000000| Complete 
| 191|0x0000000098100000, 0x0000000098200000, 0x0000000098200000|100%|HC|  |TAMS 0x0000000098200000, 0x0000000098100000| Complete 
| 192|0x0000000098200000, 0x0000000098300000, 0x0000000098300000|100%|HC|  |TAMS 0x0000000098300000, 0x0000000098200000| Complete 
| 193|0x0000000098300000, 0x0000000098400000, 0x0000000098400000|100%|HC|  |TAMS 0x0000000098400000, 0x0000000098300000| Complete 
| 194|0x0000000098400000, 0x0000000098500000, 0x0000000098500000|100%|HC|  |TAMS 0x0000000098500000, 0x0000000098400000| Complete 
| 195|0x0000000098500000, 0x0000000098600000, 0x0000000098600000|100%|HC|  |TAMS 0x0000000098600000, 0x0000000098500000| Complete 
| 196|0x0000000098600000, 0x0000000098700000, 0x0000000098700000|100%|HC|  |TAMS 0x0000000098700000, 0x0000000098600000| Complete 
| 197|0x0000000098700000, 0x0000000098800000, 0x0000000098800000|100%|HC|  |TAMS 0x0000000098800000, 0x0000000098700000| Complete 
| 198|0x0000000098800000, 0x0000000098900000, 0x0000000098900000|100%|HS|  |TAMS 0x0000000098900000, 0x0000000098800000| Complete 
| 199|0x0000000098900000, 0x0000000098a00000, 0x0000000098a00000|100%|HC|  |TAMS 0x0000000098a00000, 0x0000000098900000| Complete 
| 200|0x0000000098a00000, 0x0000000098b00000, 0x0000000098b00000|100%|HS|  |TAMS 0x0000000098b00000, 0x0000000098a00000| Complete 
| 201|0x0000000098b00000, 0x0000000098c00000, 0x0000000098c00000|100%|HS|  |TAMS 0x0000000098c00000, 0x0000000098b00000| Complete 
| 202|0x0000000098c00000, 0x0000000098d00000, 0x0000000098d00000|100%|HS|  |TAMS 0x0000000098d00000, 0x0000000098c00000| Complete 
| 203|0x0000000098d00000, 0x0000000098e00000, 0x0000000098e00000|100%|HS|  |TAMS 0x0000000098e00000, 0x0000000098d00000| Complete 
| 204|0x0000000098e00000, 0x0000000098f00000, 0x0000000098f00000|100%|HS|  |TAMS 0x0000000098f00000, 0x0000000098e00000| Complete 
| 205|0x0000000098f00000, 0x0000000099000000, 0x0000000099000000|100%|HS|  |TAMS 0x0000000099000000, 0x0000000098f00000| Complete 
| 206|0x0000000099000000, 0x0000000099100000, 0x0000000099100000|100%|HS|  |TAMS 0x0000000099100000, 0x0000000099000000| Complete 
| 207|0x0000000099100000, 0x0000000099200000, 0x0000000099200000|100%|HS|  |TAMS 0x0000000099200000, 0x0000000099100000| Complete 
| 208|0x0000000099200000, 0x0000000099300000, 0x0000000099300000|100%| O|  |TAMS 0x0000000099300000, 0x0000000099200000| Untracked 
| 209|0x0000000099300000, 0x0000000099400000, 0x0000000099400000|100%|HS|  |TAMS 0x0000000099400000, 0x0000000099300000| Complete 
| 210|0x0000000099400000, 0x0000000099500000, 0x0000000099500000|100%| O|  |TAMS 0x0000000099500000, 0x0000000099400000| Untracked 
| 211|0x0000000099500000, 0x0000000099600000, 0x0000000099600000|100%|HS|  |TAMS 0x0000000099600000, 0x0000000099500000| Complete 
| 212|0x0000000099600000, 0x0000000099700000, 0x0000000099700000|100%|HC|  |TAMS 0x0000000099700000, 0x0000000099600000| Complete 
| 213|0x0000000099700000, 0x0000000099800000, 0x0000000099800000|100%|HS|  |TAMS 0x0000000099800000, 0x0000000099700000| Complete 
| 214|0x0000000099800000, 0x0000000099900000, 0x0000000099900000|100%| O|  |TAMS 0x0000000099900000, 0x0000000099800000| Untracked 
| 215|0x0000000099900000, 0x0000000099a00000, 0x0000000099a00000|100%| O|  |TAMS 0x0000000099a00000, 0x0000000099900000| Untracked 
| 216|0x0000000099a00000, 0x0000000099b00000, 0x0000000099b00000|100%|HS|  |TAMS 0x0000000099b00000, 0x0000000099a00000| Complete 
| 217|0x0000000099b00000, 0x0000000099c00000, 0x0000000099c00000|100%|HS|  |TAMS 0x0000000099c00000, 0x0000000099b00000| Complete 
| 218|0x0000000099c00000, 0x0000000099d00000, 0x0000000099d00000|100%|HS|  |TAMS 0x0000000099d00000, 0x0000000099c00000| Complete 
| 219|0x0000000099d00000, 0x0000000099e00000, 0x0000000099e00000|100%|HS|  |TAMS 0x0000000099e00000, 0x0000000099d00000| Complete 
| 220|0x0000000099e00000, 0x0000000099f00000, 0x0000000099f00000|100%| O|  |TAMS 0x0000000099f00000, 0x0000000099e00000| Untracked 
| 221|0x0000000099f00000, 0x000000009a000000, 0x000000009a000000|100%|HS|  |TAMS 0x000000009a000000, 0x0000000099f00000| Complete 
| 222|0x000000009a000000, 0x000000009a100000, 0x000000009a100000|100%| O|  |TAMS 0x000000009a100000, 0x000000009a000000| Untracked 
| 223|0x000000009a100000, 0x000000009a200000, 0x000000009a200000|100%|HS|  |TAMS 0x000000009a200000, 0x000000009a100000| Complete 
| 224|0x000000009a200000, 0x000000009a300000, 0x000000009a300000|100%|HS|  |TAMS 0x000000009a300000, 0x000000009a200000| Complete 
| 225|0x000000009a300000, 0x000000009a400000, 0x000000009a400000|100%|HS|  |TAMS 0x000000009a400000, 0x000000009a300000| Complete 
| 226|0x000000009a400000, 0x000000009a500000, 0x000000009a500000|100%|HS|  |TAMS 0x000000009a500000, 0x000000009a400000| Complete 
| 227|0x000000009a500000, 0x000000009a600000, 0x000000009a600000|100%|HS|  |TAMS 0x000000009a600000, 0x000000009a500000| Complete 
| 228|0x000000009a600000, 0x000000009a700000, 0x000000009a700000|100%| O|  |TAMS 0x000000009a700000, 0x000000009a600000| Untracked 
| 229|0x000000009a700000, 0x000000009a800000, 0x000000009a800000|100%| O|  |TAMS 0x000000009a800000, 0x000000009a700000| Untracked 
| 230|0x000000009a800000, 0x000000009a900000, 0x000000009a900000|100%|HS|  |TAMS 0x000000009a900000, 0x000000009a800000| Complete 
| 231|0x000000009a900000, 0x000000009aa00000, 0x000000009aa00000|100%|HS|  |TAMS 0x000000009aa00000, 0x000000009a900000| Complete 
| 232|0x000000009aa00000, 0x000000009ab00000, 0x000000009ab00000|100%|HS|  |TAMS 0x000000009ab00000, 0x000000009aa00000| Complete 
| 233|0x000000009ab00000, 0x000000009ac00000, 0x000000009ac00000|100%|HS|  |TAMS 0x000000009ac00000, 0x000000009ab00000| Complete 
| 234|0x000000009ac00000, 0x000000009ad00000, 0x000000009ad00000|100%|HS|  |TAMS 0x000000009ad00000, 0x000000009ac00000| Complete 
| 235|0x000000009ad00000, 0x000000009ae00000, 0x000000009ae00000|100%|HS|  |TAMS 0x000000009ae00000, 0x000000009ad00000| Complete 
| 236|0x000000009ae00000, 0x000000009af00000, 0x000000009af00000|100%|HC|  |TAMS 0x000000009af00000, 0x000000009ae00000| Complete 
| 237|0x000000009af00000, 0x000000009b000000, 0x000000009b000000|100%|HS|  |TAMS 0x000000009b000000, 0x000000009af00000| Complete 
| 238|0x000000009b000000, 0x000000009b100000, 0x000000009b100000|100%|HC|  |TAMS 0x000000009b100000, 0x000000009b000000| Complete 
| 239|0x000000009b100000, 0x000000009b200000, 0x000000009b200000|100%|HS|  |TAMS 0x000000009b200000, 0x000000009b100000| Complete 
| 240|0x000000009b200000, 0x000000009b300000, 0x000000009b300000|100%|HC|  |TAMS 0x000000009b300000, 0x000000009b200000| Complete 
| 241|0x000000009b300000, 0x000000009b400000, 0x000000009b400000|100%|HS|  |TAMS 0x000000009b400000, 0x000000009b300000| Complete 
| 242|0x000000009b400000, 0x000000009b500000, 0x000000009b500000|100%|HC|  |TAMS 0x000000009b500000, 0x000000009b400000| Complete 
| 243|0x000000009b500000, 0x000000009b600000, 0x000000009b600000|100%|HS|  |TAMS 0x000000009b600000, 0x000000009b500000| Complete 
| 244|0x000000009b600000, 0x000000009b700000, 0x000000009b700000|100%|HS|  |TAMS 0x000000009b700000, 0x000000009b600000| Complete 
| 245|0x000000009b700000, 0x000000009b800000, 0x000000009b800000|100%|HS|  |TAMS 0x000000009b800000, 0x000000009b700000| Complete 
| 246|0x000000009b800000, 0x000000009b900000, 0x000000009b900000|100%|HC|  |TAMS 0x000000009b900000, 0x000000009b800000| Complete 
| 247|0x000000009b900000, 0x000000009ba00000, 0x000000009ba00000|100%|HS|  |TAMS 0x000000009ba00000, 0x000000009b900000| Complete 
| 248|0x000000009ba00000, 0x000000009bb00000, 0x000000009bb00000|100%|HS|  |TAMS 0x000000009bb00000, 0x000000009ba00000| Complete 
| 249|0x000000009bb00000, 0x000000009bc00000, 0x000000009bc00000|100%|HS|  |TAMS 0x000000009bc00000, 0x000000009bb00000| Complete 
| 250|0x000000009bc00000, 0x000000009bd00000, 0x000000009bd00000|100%|HC|  |TAMS 0x000000009bd00000, 0x000000009bc00000| Complete 
| 251|0x000000009bd00000, 0x000000009be00000, 0x000000009be00000|100%|HS|  |TAMS 0x000000009be00000, 0x000000009bd00000| Complete 
| 252|0x000000009be00000, 0x000000009bf00000, 0x000000009bf00000|100%| O|  |TAMS 0x000000009bf00000, 0x000000009be00000| Untracked 
| 253|0x000000009bf00000, 0x000000009c000000, 0x000000009c000000|100%| O|  |TAMS 0x000000009c000000, 0x000000009bf00000| Untracked 
| 254|0x000000009c000000, 0x000000009c100000, 0x000000009c100000|100%|HS|  |TAMS 0x000000009c100000, 0x000000009c000000| Complete 
| 255|0x000000009c100000, 0x000000009c200000, 0x000000009c200000|100%|HS|  |TAMS 0x000000009c200000, 0x000000009c100000| Complete 
| 256|0x000000009c200000, 0x000000009c300000, 0x000000009c300000|100%|HS|  |TAMS 0x000000009c300000, 0x000000009c200000| Complete 
| 257|0x000000009c300000, 0x000000009c400000, 0x000000009c400000|100%|HC|  |TAMS 0x000000009c400000, 0x000000009c300000| Complete 
| 258|0x000000009c400000, 0x000000009c500000, 0x000000009c500000|100%| O|  |TAMS 0x000000009c500000, 0x000000009c400000| Untracked 
| 259|0x000000009c500000, 0x000000009c600000, 0x000000009c600000|100%|HS|  |TAMS 0x000000009c600000, 0x000000009c500000| Complete 
| 260|0x000000009c600000, 0x000000009c700000, 0x000000009c700000|100%|HS|  |TAMS 0x000000009c700000, 0x000000009c600000| Complete 
| 261|0x000000009c700000, 0x000000009c800000, 0x000000009c800000|100%|HC|  |TAMS 0x000000009c800000, 0x000000009c700000| Complete 
| 262|0x000000009c800000, 0x000000009c900000, 0x000000009c900000|100%|HS|  |TAMS 0x000000009c900000, 0x000000009c800000| Complete 
| 263|0x000000009c900000, 0x000000009ca00000, 0x000000009ca00000|100%|HS|  |TAMS 0x000000009ca00000, 0x000000009c900000| Complete 
| 264|0x000000009ca00000, 0x000000009cb00000, 0x000000009cb00000|100%|HS|  |TAMS 0x000000009cb00000, 0x000000009ca00000| Complete 
| 265|0x000000009cb00000, 0x000000009cc00000, 0x000000009cc00000|100%|HS|  |TAMS 0x000000009cc00000, 0x000000009cb00000| Complete 
| 266|0x000000009cc00000, 0x000000009cd00000, 0x000000009cd00000|100%|HS|  |TAMS 0x000000009cd00000, 0x000000009cc00000| Complete 
| 267|0x000000009cd00000, 0x000000009ce00000, 0x000000009ce00000|100%|HC|  |TAMS 0x000000009ce00000, 0x000000009cd00000| Complete 
| 268|0x000000009ce00000, 0x000000009cf00000, 0x000000009cf00000|100%|HS|  |TAMS 0x000000009cf00000, 0x000000009ce00000| Complete 
| 269|0x000000009cf00000, 0x000000009d000000, 0x000000009d000000|100%|HS|  |TAMS 0x000000009d000000, 0x000000009cf00000| Complete 
| 270|0x000000009d000000, 0x000000009d100000, 0x000000009d100000|100%|HS|  |TAMS 0x000000009d100000, 0x000000009d000000| Complete 
| 271|0x000000009d100000, 0x000000009d200000, 0x000000009d200000|100%|HS|  |TAMS 0x000000009d200000, 0x000000009d100000| Complete 
| 272|0x000000009d200000, 0x000000009d300000, 0x000000009d300000|100%|HC|  |TAMS 0x000000009d300000, 0x000000009d200000| Complete 
| 273|0x000000009d300000, 0x000000009d400000, 0x000000009d400000|100%|HS|  |TAMS 0x000000009d400000, 0x000000009d300000| Complete 
| 274|0x000000009d400000, 0x000000009d500000, 0x000000009d500000|100%|HC|  |TAMS 0x000000009d500000, 0x000000009d400000| Complete 
| 275|0x000000009d500000, 0x000000009d600000, 0x000000009d600000|100%|HS|  |TAMS 0x000000009d600000, 0x000000009d500000| Complete 
| 276|0x000000009d600000, 0x000000009d700000, 0x000000009d700000|100%|HS|  |TAMS 0x000000009d700000, 0x000000009d600000| Complete 
| 277|0x000000009d700000, 0x000000009d800000, 0x000000009d800000|100%|HS|  |TAMS 0x000000009d800000, 0x000000009d700000| Complete 
| 278|0x000000009d800000, 0x000000009d900000, 0x000000009d900000|100%|HS|  |TAMS 0x000000009d900000, 0x000000009d800000| Complete 
| 279|0x000000009d900000, 0x000000009da00000, 0x000000009da00000|100%|HS|  |TAMS 0x000000009da00000, 0x000000009d900000| Complete 
| 280|0x000000009da00000, 0x000000009db00000, 0x000000009db00000|100%|HC|  |TAMS 0x000000009db00000, 0x000000009da00000| Complete 
| 281|0x000000009db00000, 0x000000009dc00000, 0x000000009dc00000|100%|HS|  |TAMS 0x000000009dc00000, 0x000000009db00000| Complete 
| 282|0x000000009dc00000, 0x000000009dd00000, 0x000000009dd00000|100%|HS|  |TAMS 0x000000009dd00000, 0x000000009dc00000| Complete 
| 283|0x000000009dd00000, 0x000000009de00000, 0x000000009de00000|100%| O|  |TAMS 0x000000009de00000, 0x000000009dd00000| Untracked 
| 284|0x000000009de00000, 0x000000009df00000, 0x000000009df00000|100%|HS|  |TAMS 0x000000009df00000, 0x000000009de00000| Complete 
| 285|0x000000009df00000, 0x000000009e000000, 0x000000009e000000|100%|HC|  |TAMS 0x000000009e000000, 0x000000009df00000| Complete 
| 286|0x000000009e000000, 0x000000009e100000, 0x000000009e100000|100%| O|  |TAMS 0x000000009e100000, 0x000000009e000000| Untracked 
| 287|0x000000009e100000, 0x000000009e200000, 0x000000009e200000|100%|HS|  |TAMS 0x000000009e200000, 0x000000009e100000| Complete 
| 288|0x000000009e200000, 0x000000009e300000, 0x000000009e300000|100%|HS|  |TAMS 0x000000009e300000, 0x000000009e200000| Complete 
| 289|0x000000009e300000, 0x000000009e400000, 0x000000009e400000|100%|HS|  |TAMS 0x000000009e400000, 0x000000009e300000| Complete 
| 290|0x000000009e400000, 0x000000009e500000, 0x000000009e500000|100%|HC|  |TAMS 0x000000009e500000, 0x000000009e400000| Complete 
| 291|0x000000009e500000, 0x000000009e600000, 0x000000009e600000|100%|HS|  |TAMS 0x000000009e600000, 0x000000009e500000| Complete 
| 292|0x000000009e600000, 0x000000009e700000, 0x000000009e700000|100%|HS|  |TAMS 0x000000009e700000, 0x000000009e600000| Complete 
| 293|0x000000009e700000, 0x000000009e800000, 0x000000009e800000|100%|HS|  |TAMS 0x000000009e800000, 0x000000009e700000| Complete 
| 294|0x000000009e800000, 0x000000009e900000, 0x000000009e900000|100%|HS|  |TAMS 0x000000009e900000, 0x000000009e800000| Complete 
| 295|0x000000009e900000, 0x000000009ea00000, 0x000000009ea00000|100%|HS|  |TAMS 0x000000009ea00000, 0x000000009e900000| Complete 
| 296|0x000000009ea00000, 0x000000009eb00000, 0x000000009eb00000|100%|HS|  |TAMS 0x000000009eb00000, 0x000000009ea00000| Complete 
| 297|0x000000009eb00000, 0x000000009ec00000, 0x000000009ec00000|100%| O|  |TAMS 0x000000009ec00000, 0x000000009eb00000| Untracked 
| 298|0x000000009ec00000, 0x000000009ed00000, 0x000000009ed00000|100%|HS|  |TAMS 0x000000009ed00000, 0x000000009ec00000| Complete 
| 299|0x000000009ed00000, 0x000000009ee00000, 0x000000009ee00000|100%|HC|  |TAMS 0x000000009ee00000, 0x000000009ed00000| Complete 
| 300|0x000000009ee00000, 0x000000009ef00000, 0x000000009ef00000|100%|HS|  |TAMS 0x000000009ef00000, 0x000000009ee00000| Complete 
| 301|0x000000009ef00000, 0x000000009f000000, 0x000000009f000000|100%|HS|  |TAMS 0x000000009f000000, 0x000000009ef00000| Complete 
| 302|0x000000009f000000, 0x000000009f100000, 0x000000009f100000|100%|HS|  |TAMS 0x000000009f100000, 0x000000009f000000| Complete 
| 303|0x000000009f100000, 0x000000009f200000, 0x000000009f200000|100%|HS|  |TAMS 0x000000009f200000, 0x000000009f100000| Complete 
| 304|0x000000009f200000, 0x000000009f300000, 0x000000009f300000|100%| O|  |TAMS 0x000000009f300000, 0x000000009f200000| Untracked 
| 305|0x000000009f300000, 0x000000009f400000, 0x000000009f400000|100%|HS|  |TAMS 0x000000009f400000, 0x000000009f300000| Complete 
| 306|0x000000009f400000, 0x000000009f500000, 0x000000009f500000|100%|HC|  |TAMS 0x000000009f500000, 0x000000009f400000| Complete 
| 307|0x000000009f500000, 0x000000009f600000, 0x000000009f600000|100%|HS|  |TAMS 0x000000009f600000, 0x000000009f500000| Complete 
| 308|0x000000009f600000, 0x000000009f700000, 0x000000009f700000|100%|HC|  |TAMS 0x000000009f700000, 0x000000009f600000| Complete 
| 309|0x000000009f700000, 0x000000009f800000, 0x000000009f800000|100%| O|  |TAMS 0x000000009f800000, 0x000000009f700000| Untracked 
| 310|0x000000009f800000, 0x000000009f900000, 0x000000009f900000|100%|HS|  |TAMS 0x000000009f900000, 0x000000009f800000| Complete 
| 311|0x000000009f900000, 0x000000009fa00000, 0x000000009fa00000|100%|HS|  |TAMS 0x000000009fa00000, 0x000000009f900000| Complete 
| 312|0x000000009fa00000, 0x000000009fb00000, 0x000000009fb00000|100%|HS|  |TAMS 0x000000009fb00000, 0x000000009fa00000| Complete 
| 313|0x000000009fb00000, 0x000000009fc00000, 0x000000009fc00000|100%| O|  |TAMS 0x000000009fc00000, 0x000000009fb00000| Untracked 
| 314|0x000000009fc00000, 0x000000009fd00000, 0x000000009fd00000|100%|HS|  |TAMS 0x000000009fd00000, 0x000000009fc00000| Complete 
| 315|0x000000009fd00000, 0x000000009fe00000, 0x000000009fe00000|100%|HS|  |TAMS 0x000000009fe00000, 0x000000009fd00000| Complete 
| 316|0x000000009fe00000, 0x000000009ff00000, 0x000000009ff00000|100%|HS|  |TAMS 0x000000009ff00000, 0x000000009fe00000| Complete 
| 317|0x000000009ff00000, 0x00000000a0000000, 0x00000000a0000000|100%| O|  |TAMS 0x00000000a0000000, 0x000000009ff00000| Untracked 
| 318|0x00000000a0000000, 0x00000000a0100000, 0x00000000a0100000|100%|HS|  |TAMS 0x00000000a0100000, 0x00000000a0000000| Complete 
| 319|0x00000000a0100000, 0x00000000a0200000, 0x00000000a0200000|100%|HC|  |TAMS 0x00000000a0200000, 0x00000000a0100000| Complete 
| 320|0x00000000a0200000, 0x00000000a0300000, 0x00000000a0300000|100%| O|  |TAMS 0x00000000a0300000, 0x00000000a0200000| Untracked 
| 321|0x00000000a0300000, 0x00000000a0400000, 0x00000000a0400000|100%|HS|  |TAMS 0x00000000a0400000, 0x00000000a0300000| Complete 
| 322|0x00000000a0400000, 0x00000000a0500000, 0x00000000a0500000|100%|HS|  |TAMS 0x00000000a0500000, 0x00000000a0400000| Complete 
| 323|0x00000000a0500000, 0x00000000a0600000, 0x00000000a0600000|100%|HS|  |TAMS 0x00000000a0600000, 0x00000000a0500000| Complete 
| 324|0x00000000a0600000, 0x00000000a0700000, 0x00000000a0700000|100%|HC|  |TAMS 0x00000000a0700000, 0x00000000a0600000| Complete 
| 325|0x00000000a0700000, 0x00000000a0800000, 0x00000000a0800000|100%|HS|  